0. #5 fg_TimeSinceFirstOrder__x (0.0684508684844)
1. #4 fg_TimeSinceLastOrder__x (0.066715347379)
2. #0 fg_NOrders__x (0.0352867188623)
3. #6 fg_AvgIntervalBetweenTransactions__x (0.031439863663)
4. #231 fg_IndividualProductCount__C(200) (0.0300190483901)
5. #3 fg_NProducts__x (0.02883630055)
6. #1 fg_NTransactions__x (0.0243478299893)
7. #2 fg_AvgOrdersPerTransaction__x (0.0233521549801)
8. #387 fg_IndividualProductCount__C(392) (0.0148959414683)
9. #474 fg_IndividualProductCount__C(500) (0.0124288933951)
10. #326 fg_IndividualProductCount__C(316) (0.0113821074638)
11. #104 fg_IndividualProductCount__C(47) (0.0108944801001)
12. #61 fg_Country__C(GB) (0.010645930981)
13. #416 fg_IndividualProductCount__C(432) (0.0105261537975)
14. #397 fg_IndividualProductCount__C(404) (0.0102181486274)
15. #335 fg_IndividualProductCount__C(328) (0.0101979718676)
16. #202 fg_IndividualProductCount__C(164) (0.00992578708777)
17. #190 fg_IndividualProductCount__C(150) (0.00912032685781)
18. #386 fg_IndividualProductCount__C(391) (0.00886281968354)
19. #385 fg_IndividualProductCount__C(389) (0.00882074112242)
20. #179 fg_IndividualProductCount__C(135) (0.00815694233988)
21. #354 fg_IndividualProductCount__C(351) (0.00796272599322)
22. #230 fg_IndividualProductCount__C(199) (0.00795970489193)
23. #127 fg_IndividualProductCount__C(74) (0.00786582795343)
24. #146 fg_IndividualProductCount__C(97) (0.00725180541855)
25. #222 fg_IndividualProductCount__C(186) (0.00700297915417)
26. #174 fg_IndividualProductCount__C(129) (0.00683988727972)
27. #438 fg_IndividualProductCount__C(456) (0.00634766018062)
28. #399 fg_IndividualProductCount__C(406) (0.00620018990223)
29. #144 fg_IndividualProductCount__C(95) (0.00609952611883)
30. #271 fg_IndividualProductCount__C(250) (0.00608424462333)
31. #413 fg_IndividualProductCount__C(428) (0.00561782645769)
32. #167 fg_IndividualProductCount__C(122) (0.00559126266372)
33. #133 fg_IndividualProductCount__C(82) (0.00540840417007)
34. #295 fg_IndividualProductCount__C(279) (0.00514072552496)
35. #71 fg_IndividualProductCount__C(11) (0.00511776284896)
36. #11 fg_Country__C(DE) (0.00505056664865)
37. #72 fg_IndividualProductCount__C(12) (0.00504109865562)
38. #422 fg_IndividualProductCount__C(438) (0.00481495609636)
39. #384 fg_IndividualProductCount__C(387) (0.00477949417614)
40. #160 fg_IndividualProductCount__C(115) (0.0047026218846)
41. #364 fg_IndividualProductCount__C(364) (0.00464060613084)
42. #342 fg_IndividualProductCount__C(335) (0.00461127651234)
43. #332 fg_IndividualProductCount__C(324) (0.00458541155819)
44. #454 fg_IndividualProductCount__C(474) (0.00440919075227)
45. #98 fg_IndividualProductCount__C(41) (0.00440843447064)
46. #334 fg_IndividualProductCount__C(327) (0.00437491195912)
47. #424 fg_IndividualProductCount__C(441) (0.00433022676998)
48. #395 fg_IndividualProductCount__C(402) (0.00426397901139)
49. #443 fg_IndividualProductCount__C(461) (0.00423130177865)
50. #63 fg_IndividualProductCount__C(3) (0.00409859378722)
51. #473 fg_IndividualProductCount__C(499) (0.0040538885325)
52. #96 fg_IndividualProductCount__C(39) (0.00403491002714)
53. #265 fg_IndividualProductCount__C(242) (0.00397346148878)
54. #214 fg_IndividualProductCount__C(177) (0.00394786819608)
55. #392 fg_IndividualProductCount__C(398) (0.00388809101247)
56. #253 fg_IndividualProductCount__C(226) (0.00385949380713)
57. #330 fg_IndividualProductCount__C(322) (0.00377354630392)
58. #114 fg_IndividualProductCount__C(59) (0.00360219436596)
59. #94 fg_IndividualProductCount__C(37) (0.0034542802454)
60. #269 fg_IndividualProductCount__C(247) (0.00342314228106)
61. #132 fg_IndividualProductCount__C(81) (0.0033833988242)
62. #457 fg_IndividualProductCount__C(479) (0.00323229390283)
63. #285 fg_IndividualProductCount__C(268) (0.00321660995734)
64. #212 fg_IndividualProductCount__C(175) (0.00319073015829)
65. #177 fg_IndividualProductCount__C(133) (0.00307575919779)
66. #375 fg_IndividualProductCount__C(375) (0.00305423241951)
67. #345 fg_IndividualProductCount__C(339) (0.00302780342331)
68. #423 fg_IndividualProductCount__C(439) (0.00299956783693)
69. #234 fg_IndividualProductCount__C(205) (0.00295475174836)
70. #369 fg_IndividualProductCount__C(369) (0.00294992108987)
71. #282 fg_IndividualProductCount__C(264) (0.00290995430499)
72. #141 fg_IndividualProductCount__C(92) (0.00290077422824)
73. #401 fg_IndividualProductCount__C(408) (0.00287771991547)
74. #83 fg_IndividualProductCount__C(25) (0.00284318189352)
75. #319 fg_IndividualProductCount__C(307) (0.0028307225606)
76. #54 fg_Country__C(US) (0.00281234197112)
77. #8 fg_Country__C(FR) (0.00275616196107)
78. #461 fg_IndividualProductCount__C(484) (0.00273507265438)
79. #84 fg_IndividualProductCount__C(26) (0.00272479615239)
80. #349 fg_IndividualProductCount__C(344) (0.00271567553843)
81. #151 fg_IndividualProductCount__C(104) (0.00264541548214)
82. #210 fg_IndividualProductCount__C(172) (0.00263307320837)
83. #140 fg_IndividualProductCount__C(90) (0.00260889134549)
84. #414 fg_IndividualProductCount__C(429) (0.00252069490364)
85. #165 fg_IndividualProductCount__C(120) (0.00251949545385)
86. #344 fg_IndividualProductCount__C(338) (0.00248625369104)
87. #255 fg_IndividualProductCount__C(228) (0.00242833102101)
88. #340 fg_IndividualProductCount__C(333) (0.00238021594157)
89. #447 fg_IndividualProductCount__C(465) (0.00235789863728)
90. #49 fg_Country__C(ES) (0.00234754474369)
91. #126 fg_IndividualProductCount__C(73) (0.00231543024554)
92. #280 fg_IndividualProductCount__C(261) (0.0023040945447)
93. #297 fg_IndividualProductCount__C(282) (0.0022798009917)
94. #9 fg_Country__C(DK) (0.00226826244348)
95. #195 fg_IndividualProductCount__C(157) (0.00224175340068)
96. #403 fg_IndividualProductCount__C(415) (0.00222488203492)
97. #169 fg_IndividualProductCount__C(124) (0.00216958725152)
98. #48 fg_Country__C(IE) (0.00216851385577)
99. #441 fg_IndividualProductCount__C(459) (0.00213783365112)
100. #116 fg_IndividualProductCount__C(61) (0.00213698826377)
101. #109 fg_IndividualProductCount__C(52) (0.00210474949284)
102. #274 fg_IndividualProductCount__C(253) (0.0020641663771)
103. #292 fg_IndividualProductCount__C(275) (0.00205730603228)
104. #323 fg_IndividualProductCount__C(312) (0.00205107644402)
105. #162 fg_IndividualProductCount__C(117) (0.00204846330097)
106. #277 fg_IndividualProductCount__C(257) (0.00202616309819)
107. #261 fg_IndividualProductCount__C(237) (0.00201051457941)
108. #42 fg_Country__C(IT) (0.00200969139156)
109. #372 fg_IndividualProductCount__C(372) (0.00195990965126)
110. #376 fg_IndividualProductCount__C(377) (0.00195191517603)
111. #217 fg_IndividualProductCount__C(180) (0.00194985663131)
112. #225 fg_IndividualProductCount__C(189) (0.00194378012659)
113. #360 fg_IndividualProductCount__C(359) (0.00193016848515)
114. #105 fg_IndividualProductCount__C(48) (0.00188339999148)
115. #402 fg_IndividualProductCount__C(413) (0.00188090739293)
116. #412 fg_IndividualProductCount__C(426) (0.00186495761611)
117. #60 fg_Country__C(SE) (0.00186120964334)
118. #226 fg_IndividualProductCount__C(192) (0.00185749271135)
119. #440 fg_IndividualProductCount__C(458) (0.00185523594929)
120. #407 fg_IndividualProductCount__C(421) (0.00180960758318)
121. #129 fg_IndividualProductCount__C(76) (0.00180950341544)
122. #339 fg_IndividualProductCount__C(332) (0.00180111789976)
123. #404 fg_IndividualProductCount__C(417) (0.00175986693492)
124. #219 fg_IndividualProductCount__C(182) (0.00175975127031)
125. #475 fg_IndividualProductCount__C(501) (0.0017080942043)
126. #122 fg_IndividualProductCount__C(69) (0.00168665244901)
127. #262 fg_IndividualProductCount__C(239) (0.00167258000542)
128. #428 fg_IndividualProductCount__C(445) (0.00166291729426)
129. #380 fg_IndividualProductCount__C(381) (0.00165471828828)
130. #153 fg_IndividualProductCount__C(106) (0.00164835233186)
131. #333 fg_IndividualProductCount__C(325) (0.00163584182548)
132. #370 fg_IndividualProductCount__C(370) (0.00163564466428)
133. #121 fg_IndividualProductCount__C(67) (0.00162770991924)
134. #460 fg_IndividualProductCount__C(482) (0.00161917807215)
135. #87 fg_IndividualProductCount__C(29) (0.00161545466835)
136. #130 fg_IndividualProductCount__C(77) (0.00159163694501)
137. #433 fg_IndividualProductCount__C(451) (0.00159115215886)
138. #419 fg_IndividualProductCount__C(435) (0.00159050709672)
139. #211 fg_IndividualProductCount__C(174) (0.00158971937305)
140. #356 fg_IndividualProductCount__C(354) (0.00158913119932)
141. #329 fg_IndividualProductCount__C(321) (0.00157625467867)
142. #106 fg_IndividualProductCount__C(49) (0.0015624141212)
143. #118 fg_IndividualProductCount__C(63) (0.0015620943844)
144. #468 fg_IndividualProductCount__C(492) (0.00156172732197)
145. #394 fg_IndividualProductCount__C(401) (0.00155659304889)
146. #435 fg_IndividualProductCount__C(453) (0.00154480702038)
147. #45 fg_Country__C(AU) (0.00153401370995)
148. #124 fg_IndividualProductCount__C(71) (0.00151336885008)
149. #448 fg_IndividualProductCount__C(467) (0.00149551189201)
150. #194 fg_IndividualProductCount__C(156) (0.00149075745744)
151. #183 fg_IndividualProductCount__C(140) (0.00148454471885)
152. #215 fg_IndividualProductCount__C(178) (0.00143699568344)
153. #115 fg_IndividualProductCount__C(60) (0.00142182595903)
154. #117 fg_IndividualProductCount__C(62) (0.00141159848739)
155. #405 fg_IndividualProductCount__C(418) (0.0014109498162)
156. #296 fg_IndividualProductCount__C(281) (0.00139865858002)
157. #350 fg_IndividualProductCount__C(345) (0.0013884995677)
158. #389 fg_IndividualProductCount__C(395) (0.00138132702149)
159. #38 fg_Country__C(CN) (0.00136203518243)
160. #85 fg_IndividualProductCount__C(27) (0.001359669672)
161. #355 fg_IndividualProductCount__C(353) (0.00134757647802)
162. #147 fg_IndividualProductCount__C(98) (0.00134558919521)
163. #379 fg_IndividualProductCount__C(380) (0.00134068018106)
164. #155 fg_IndividualProductCount__C(108) (0.00130589587557)
165. #312 fg_IndividualProductCount__C(300) (0.00129278795728)
166. #383 fg_IndividualProductCount__C(386) (0.00128958014206)
167. #309 fg_IndividualProductCount__C(297) (0.00126623471373)
168. #123 fg_IndividualProductCount__C(70) (0.00123392247816)
169. #455 fg_IndividualProductCount__C(476) (0.0012290447485)
170. #24 fg_Country__C(NO) (0.00122303249608)
171. #270 fg_IndividualProductCount__C(249) (0.00120519824405)
172. #246 fg_IndividualProductCount__C(219) (0.00119252859817)
173. #244 fg_IndividualProductCount__C(217) (0.00119166675348)
174. #68 fg_IndividualProductCount__C(8) (0.00118706121681)
175. #239 fg_IndividualProductCount__C(212) (0.00117210822918)
176. #469 fg_IndividualProductCount__C(494) (0.00116939452707)
177. #247 fg_IndividualProductCount__C(220) (0.00116833385431)
178. #396 fg_IndividualProductCount__C(403) (0.00116165247319)
179. #180 fg_IndividualProductCount__C(136) (0.00114942965511)
180. #320 fg_IndividualProductCount__C(308) (0.0011375758216)
181. #233 fg_IndividualProductCount__C(202) (0.00113131249438)
182. #64 fg_IndividualProductCount__C(4) (0.00111959231642)
183. #188 fg_IndividualProductCount__C(147) (0.00111347774195)
184. #206 fg_IndividualProductCount__C(168) (0.00109855738992)
185. #166 fg_IndividualProductCount__C(121) (0.00107883847772)
186. #243 fg_IndividualProductCount__C(216) (0.00106782733824)
187. #437 fg_IndividualProductCount__C(455) (0.00106594816478)
188. #80 fg_IndividualProductCount__C(22) (0.00104809397261)
189. #267 fg_IndividualProductCount__C(245) (0.00104737999636)
190. #182 fg_IndividualProductCount__C(139) (0.00104277456012)
191. #170 fg_IndividualProductCount__C(125) (0.00103783529245)
192. #168 fg_IndividualProductCount__C(123) (0.00103668379582)
193. #171 fg_IndividualProductCount__C(126) (0.00102932530777)
194. #108 fg_IndividualProductCount__C(51) (0.00102690232027)
195. #279 fg_IndividualProductCount__C(260) (0.00102616358687)
196. #209 fg_IndividualProductCount__C(171) (0.00102031398321)
197. #421 fg_IndividualProductCount__C(437) (0.00100830299234)
198. #331 fg_IndividualProductCount__C(323) (0.000985334825329)
199. #186 fg_IndividualProductCount__C(143) (0.000983617233592)
200. #307 fg_IndividualProductCount__C(295) (0.000983389493268)
201. #365 fg_IndividualProductCount__C(365) (0.000965265654025)
202. #318 fg_IndividualProductCount__C(306) (0.000941884144495)
203. #119 fg_IndividualProductCount__C(64) (0.000939697427793)
204. #102 fg_IndividualProductCount__C(45) (0.00093357126323)
205. #325 fg_IndividualProductCount__C(315) (0.000929576391)
206. #100 fg_IndividualProductCount__C(43) (0.00092015285933)
207. #321 fg_IndividualProductCount__C(309) (0.00091531124053)
208. #381 fg_IndividualProductCount__C(383) (0.000906182741203)
209. #418 fg_IndividualProductCount__C(434) (0.0008990634418)
210. #148 fg_IndividualProductCount__C(99) (0.000897448825575)
211. #248 fg_IndividualProductCount__C(221) (0.000896979816633)
212. #111 fg_IndividualProductCount__C(54) (0.000890450301132)
213. #322 fg_IndividualProductCount__C(311) (0.000889387665602)
214. #362 fg_IndividualProductCount__C(361) (0.000886578284899)
215. #291 fg_IndividualProductCount__C(274) (0.00088172889591)
216. #238 fg_IndividualProductCount__C(211) (0.00087985165093)
217. #251 fg_IndividualProductCount__C(224) (0.00087916837906)
218. #128 fg_IndividualProductCount__C(75) (0.000878900802639)
219. #221 fg_IndividualProductCount__C(185) (0.000877996807091)
220. #294 fg_IndividualProductCount__C(278) (0.000864292202931)
221. #158 fg_IndividualProductCount__C(112) (0.000864011404358)
222. #338 fg_IndividualProductCount__C(331) (0.000853647065688)
223. #18 fg_Country__C(FI) (0.000847565892432)
224. #462 fg_IndividualProductCount__C(485) (0.00084476939554)
225. #154 fg_IndividualProductCount__C(107) (0.000842234393225)
226. #21 fg_Country__C(RU) (0.000838214856639)
227. #156 fg_IndividualProductCount__C(110) (0.000837314380621)
228. #89 fg_IndividualProductCount__C(31) (0.000827315840062)
229. #289 fg_IndividualProductCount__C(272) (0.000825301375532)
230. #427 fg_IndividualProductCount__C(444) (0.000798874579877)
231. #14 fg_Country__C(AT) (0.000791730049456)
232. #442 fg_IndividualProductCount__C(460) (0.000790346749936)
233. #478 fg_IndividualProductCount__C(504) (0.000789318801654)
234. #445 fg_IndividualProductCount__C(463) (0.000785462415088)
235. #293 fg_IndividualProductCount__C(276) (0.000780783193034)
236. #315 fg_IndividualProductCount__C(303) (0.000777348577033)
237. #371 fg_IndividualProductCount__C(371) (0.000764058120729)
238. #459 fg_IndividualProductCount__C(481) (0.00075999149406)
239. #112 fg_IndividualProductCount__C(55) (0.000759341258814)
240. #181 fg_IndividualProductCount__C(137) (0.000752488580139)
241. #242 fg_IndividualProductCount__C(215) (0.000750819321932)
242. #75 fg_IndividualProductCount__C(16) (0.000747058296875)
243. #204 fg_IndividualProductCount__C(166) (0.000744094513925)
244. #91 fg_IndividualProductCount__C(34) (0.00074348970007)
245. #400 fg_IndividualProductCount__C(407) (0.000743138545779)
246. #245 fg_IndividualProductCount__C(218) (0.000740498646994)
247. #314 fg_IndividualProductCount__C(302) (0.000739390194714)
248. #172 fg_IndividualProductCount__C(127) (0.000739321384844)
249. #22 fg_Country__C(NL) (0.000732102812466)
250. #465 fg_IndividualProductCount__C(489) (0.000727464623792)
251. #227 fg_IndividualProductCount__C(194) (0.000723358952156)
252. #29 fg_Country__C(LT) (0.000720330830762)
253. #229 fg_IndividualProductCount__C(198) (0.000714139787015)
254. #57 fg_Country__C(SI) (0.000709424598762)
255. #348 fg_IndividualProductCount__C(343) (0.000707674011274)
256. #41 fg_Country__C(CA) (0.000701396914147)
257. #263 fg_IndividualProductCount__C(240) (0.000682676735177)
258. #193 fg_IndividualProductCount__C(155) (0.000672782427396)
259. #391 fg_IndividualProductCount__C(397) (0.000663532254585)
260. #351 fg_IndividualProductCount__C(346) (0.000654921297276)
261. #368 fg_IndividualProductCount__C(368) (0.000646146635896)
262. #207 fg_IndividualProductCount__C(169) (0.000642554160792)
263. #304 fg_IndividualProductCount__C(291) (0.000634415260001)
264. #200 fg_IndividualProductCount__C(162) (0.00061926303515)
265. #65 fg_IndividualProductCount__C(5) (0.000616418203953)
266. #205 fg_IndividualProductCount__C(167) (0.000614171148384)
267. #287 fg_IndividualProductCount__C(270) (0.000613069947768)
268. #328 fg_IndividualProductCount__C(320) (0.000610526156881)
269. #275 fg_IndividualProductCount__C(254) (0.000608697887604)
270. #241 fg_IndividualProductCount__C(214) (0.00060606985927)
271. #97 fg_IndividualProductCount__C(40) (0.000596481567352)
272. #467 fg_IndividualProductCount__C(491) (0.000584380972907)
273. #107 fg_IndividualProductCount__C(50) (0.000582057070954)
274. #284 fg_IndividualProductCount__C(267) (0.000575618551471)
275. #388 fg_IndividualProductCount__C(394) (0.00057112432006)
276. #232 fg_IndividualProductCount__C(201) (0.000563640617762)
277. #343 fg_IndividualProductCount__C(336) (0.00056169772482)
278. #35 fg_Country__C(PL) (0.00056039037278)
279. #446 fg_IndividualProductCount__C(464) (0.00055678214522)
280. #264 fg_IndividualProductCount__C(241) (0.00055377089979)
281. #363 fg_IndividualProductCount__C(362) (0.000552812802682)
282. #306 fg_IndividualProductCount__C(294) (0.000551481025596)
283. #103 fg_IndividualProductCount__C(46) (0.00054914282752)
284. #359 fg_IndividualProductCount__C(357) (0.000546864585565)
285. #450 fg_IndividualProductCount__C(469) (0.000541393944596)
286. #374 fg_IndividualProductCount__C(374) (0.000533663937714)
287. #125 fg_IndividualProductCount__C(72) (0.000532076233342)
288. #69 fg_IndividualProductCount__C(9) (0.000520303919402)
289. #110 fg_IndividualProductCount__C(53) (0.000504455784674)
290. #223 fg_IndividualProductCount__C(187) (0.000503288507342)
291. #218 fg_IndividualProductCount__C(181) (0.000500604428269)
292. #157 fg_IndividualProductCount__C(111) (0.000500177735908)
293. #278 fg_IndividualProductCount__C(258) (0.000497892368237)
294. #432 fg_IndividualProductCount__C(449) (0.000497845653356)
295. #276 fg_IndividualProductCount__C(256) (0.000496389147169)
296. #281 fg_IndividualProductCount__C(263) (0.000495428618982)
297. #352 fg_IndividualProductCount__C(349) (0.000494640583071)
298. #288 fg_IndividualProductCount__C(271) (0.000493133810014)
299. #73 fg_IndividualProductCount__C(13) (0.000483651965897)
300. #39 fg_Country__C(EE) (0.000479616645659)
301. #336 fg_IndividualProductCount__C(329) (0.000470779117274)
302. #301 fg_IndividualProductCount__C(286) (0.00046454684705)
303. #203 fg_IndividualProductCount__C(165) (0.000459183283707)
304. #476 fg_IndividualProductCount__C(502) (0.000455517406217)
305. #81 fg_IndividualProductCount__C(23) (0.000454467067557)
306. #266 fg_IndividualProductCount__C(243) (0.000450744959839)
307. #252 fg_IndividualProductCount__C(225) (0.000447391367352)
308. #466 fg_IndividualProductCount__C(490) (0.000438220030923)
309. #164 fg_IndividualProductCount__C(119) (0.000435430091749)
310. #310 fg_IndividualProductCount__C(298) (0.000430868694693)
311. #28 fg_Country__C(LV) (0.000420282400748)
312. #56 fg_Country__C(MT) (0.000412482748514)
313. #477 fg_IndividualProductCount__C(503) (0.000412116780282)
314. #452 fg_IndividualProductCount__C(471) (0.000411812389074)
315. #77 fg_IndividualProductCount__C(18) (0.000405751155812)
316. #78 fg_IndividualProductCount__C(20) (0.000402870718025)
317. #36 fg_Country__C(CH) (0.000401784223272)
318. #283 fg_IndividualProductCount__C(265) (0.000390620313922)
319. #431 fg_IndividualProductCount__C(448) (0.000384724189973)
320. #138 fg_IndividualProductCount__C(87) (0.000383270361934)
321. #86 fg_IndividualProductCount__C(28) (0.000380071273478)
322. #249 fg_IndividualProductCount__C(222) (0.000377249660607)
323. #90 fg_IndividualProductCount__C(32) (0.000375155843574)
324. #101 fg_IndividualProductCount__C(44) (0.000373097865591)
325. #444 fg_IndividualProductCount__C(462) (0.000366306070172)
326. #176 fg_IndividualProductCount__C(131) (0.000361793213349)
327. #23 fg_Country__C(PT) (0.000358585971129)
328. #299 fg_IndividualProductCount__C(284) (0.000356661709902)
329. #120 fg_IndividualProductCount__C(65) (0.000352805419001)
330. #347 fg_IndividualProductCount__C(342) (0.000348570118255)
331. #273 fg_IndividualProductCount__C(252) (0.00034669406859)
332. #187 fg_IndividualProductCount__C(144) (0.000345331882644)
333. #191 fg_IndividualProductCount__C(152) (0.000345306935461)
334. #220 fg_IndividualProductCount__C(184) (0.000344116661629)
335. #250 fg_IndividualProductCount__C(223) (0.000336444597961)
336. #55 fg_Country__C(SK) (0.000331284505415)
337. #286 fg_IndividualProductCount__C(269) (0.000326930445476)
338. #305 fg_IndividualProductCount__C(293) (0.000317929282799)
339. #346 fg_IndividualProductCount__C(340) (0.000317047293216)
340. #316 fg_IndividualProductCount__C(304) (0.000309681142141)
341. #196 fg_IndividualProductCount__C(158) (0.000307264429859)
342. #173 fg_IndividualProductCount__C(128) (0.000306893992171)
343. #88 fg_IndividualProductCount__C(30) (0.000300165766911)
344. #216 fg_IndividualProductCount__C(179) (0.000289037582035)
345. #417 fg_IndividualProductCount__C(433) (0.000284696159584)
346. #82 fg_IndividualProductCount__C(24) (0.000278503727421)
347. #313 fg_IndividualProductCount__C(301) (0.000278383617924)
348. #382 fg_IndividualProductCount__C(385) (0.000276205382785)
349. #44 fg_Country__C(CY) (0.000272924364238)
350. #257 fg_IndividualProductCount__C(233) (0.000258246351679)
351. #46 fg_Country__C(IL) (0.000256682388778)
352. #358 fg_IndividualProductCount__C(356) (0.000256439086324)
353. #366 fg_IndividualProductCount__C(366) (0.000256260993112)
354. #426 fg_IndividualProductCount__C(443) (0.000255463092945)
355. #260 fg_IndividualProductCount__C(236) (0.000251666184835)
356. #240 fg_IndividualProductCount__C(213) (0.000251273732612)
357. #150 fg_IndividualProductCount__C(103) (0.000243326485465)
358. #137 fg_IndividualProductCount__C(86) (0.000243088249151)
359. #317 fg_IndividualProductCount__C(305) (0.000242123368101)
360. #74 fg_IndividualProductCount__C(15) (0.000230743661714)
361. #237 fg_IndividualProductCount__C(208) (0.000230679707897)
362. #411 fg_IndividualProductCount__C(425) (0.000229916790806)
363. #415 fg_IndividualProductCount__C(430) (0.000227551123214)
364. #471 fg_IndividualProductCount__C(497) (0.000226638782054)
365. #113 fg_IndividualProductCount__C(58) (0.000226344438991)
366. #479 fg_IndividualProductCount__C(505) (0.000222007332488)
367. #10 fg_Country__C(HR) (0.00021820062357)
368. #425 fg_IndividualProductCount__C(442) (0.000209095982318)
369. #390 fg_IndividualProductCount__C(396) (0.000205036107065)
370. #95 fg_IndividualProductCount__C(38) (0.000201151289671)
371. #32 fg_Country__C(PH) (0.000198876629171)
372. #373 fg_IndividualProductCount__C(373) (0.000196395160183)
373. #7 fg_Country__C(BE) (0.000196294821307)
374. #451 fg_IndividualProductCount__C(470) (0.000184295913381)
375. #51 fg_Country__C(UA) (0.000179510700344)
376. #27 fg_Country__C(NZ) (0.000175702084227)
377. #135 fg_IndividualProductCount__C(84) (0.0001716002968)
378. #145 fg_IndividualProductCount__C(96) (0.00016237544985)
379. #409 fg_IndividualProductCount__C(423) (0.000154461687648)
380. #254 fg_IndividualProductCount__C(227) (0.000153813997705)
381. #198 fg_IndividualProductCount__C(160) (0.00014836761359)
382. #52 fg_Country__C(RS) (0.00014545376127)
383. #357 fg_IndividualProductCount__C(355) (0.000139403708506)
384. #79 fg_IndividualProductCount__C(21) (0.000137285167329)
385. #142 fg_IndividualProductCount__C(93) (0.000132303598237)
386. #436 fg_IndividualProductCount__C(454) (0.000129649864951)
387. #93 fg_IndividualProductCount__C(36) (0.000117849235981)
388. #367 fg_IndividualProductCount__C(367) (0.00011749651751)
389. #420 fg_IndividualProductCount__C(436) (0.000116676606097)
390. #439 fg_IndividualProductCount__C(457) (0.000110980325288)
391. #17 fg_Country__C(JE) (9.58250649019e-05)
392. #224 fg_IndividualProductCount__C(188) (9.41193826493e-05)
393. #30 fg_Country__C(LU) (9.33690380379e-05)
394. #192 fg_IndividualProductCount__C(153) (9.12367822855e-05)
395. #131 fg_IndividualProductCount__C(79) (9.08231050017e-05)
396. #175 fg_IndividualProductCount__C(130) (9.03001705432e-05)
397. #59 fg_Country__C(SG) (8.75826393527e-05)
398. #20 fg_Country__C(GR) (8.15622259852e-05)
399. #337 fg_IndividualProductCount__C(330) (8.00154571957e-05)
400. #67 fg_IndividualProductCount__C(7) (7.4026740369e-05)
401. #37 fg_Country__C(CO) (7.16984241752e-05)
402. #302 fg_IndividualProductCount__C(287) (7.12835017894e-05)
403. #134 fg_IndividualProductCount__C(83) (6.8939719162e-05)
404. #456 fg_IndividualProductCount__C(478) (6.43347946495e-05)
405. #311 fg_IndividualProductCount__C(299) (6.34716777736e-05)
406. #19 fg_Country__C(KR) (6.15217431416e-05)
407. #16 fg_Country__C(BR) (5.94721857593e-05)
408. #43 fg_Country__C(CZ) (5.49426188686e-05)
409. #324 fg_IndividualProductCount__C(313) (5.07087864319e-05)
410. #184 fg_IndividualProductCount__C(141) (4.59736278341e-05)
411. #258 fg_IndividualProductCount__C(234) (4.11895746001e-05)
412. #199 fg_IndividualProductCount__C(161) (4.01615419945e-05)
413. #25 fg_Country__C(TW) (3.90142978723e-05)
414. #408 fg_IndividualProductCount__C(422) (3.84702320454e-05)
415. #393 fg_IndividualProductCount__C(399) (3.70550411703e-05)
416. #341 fg_IndividualProductCount__C(334) (3.39455771741e-05)
417. #464 fg_IndividualProductCount__C(488) (3.32771820658e-05)
418. #259 fg_IndividualProductCount__C(235) (3.09011316269e-05)
419. #430 fg_IndividualProductCount__C(447) (3.04277320485e-05)
420. #298 fg_IndividualProductCount__C(283) (2.66531594999e-05)
421. #99 fg_IndividualProductCount__C(42) (2.33473045899e-05)
422. #31 fg_Country__C(TH) (2.19288117057e-05)
423. #62 fg_IndividualProductCount__C(1) (2.06790092366e-05)
424. #472 fg_IndividualProductCount__C(498) (2.04095822796e-05)
425. #429 fg_IndividualProductCount__C(446) (1.75571146815e-05)
426. #201 fg_IndividualProductCount__C(163) (1.62311089826e-05)
427. #434 fg_IndividualProductCount__C(452) (1.5484867718e-05)
428. #213 fg_IndividualProductCount__C(176) (1.4982356907e-05)
429. #470 fg_IndividualProductCount__C(495) (1.35390431159e-05)
430. #40 fg_Country__C(VI) (8.76080431271e-06)
431. #327 fg_IndividualProductCount__C(319) (3.07930345924e-06)
432. #53 fg_Country__C(MY) (0.0)
433. #13 fg_Country__C(HU) (0.0)
434. #377 fg_IndividualProductCount__C(378) (0.0)
435. #256 fg_IndividualProductCount__C(230) (0.0)
436. #378 fg_IndividualProductCount__C(379) (0.0)
437. #152 fg_IndividualProductCount__C(105) (0.0)
438. #149 fg_IndividualProductCount__C(101) (0.0)
439. #143 fg_IndividualProductCount__C(94) (0.0)
440. #92 fg_IndividualProductCount__C(35) (0.0)
441. #15 fg_Country__C(HK) (0.0)
442. #268 fg_IndividualProductCount__C(246) (0.0)
443. #12 fg_Country__C(JP) (0.0)
444. #161 fg_IndividualProductCount__C(116) (0.0)
445. #139 fg_IndividualProductCount__C(88) (0.0)
446. #272 fg_IndividualProductCount__C(251) (0.0)
447. #136 fg_IndividualProductCount__C(85) (0.0)
448. #398 fg_IndividualProductCount__C(405) (0.0)
449. #308 fg_IndividualProductCount__C(296) (0.0)
450. #290 fg_IndividualProductCount__C(273) (0.0)
451. #406 fg_IndividualProductCount__C(420) (0.0)
452. #410 fg_IndividualProductCount__C(424) (0.0)
453. #300 fg_IndividualProductCount__C(285) (0.0)
454. #159 fg_IndividualProductCount__C(113) (0.0)
455. #26 fg_Country__C(TR) (0.0)
456. #163 fg_IndividualProductCount__C(118) (0.0)
457. #453 fg_IndividualProductCount__C(473) (0.0)
458. #50 fg_Country__C(MD) (0.0)
459. #58 fg_Country__C(IM) (0.0)
460. #458 fg_IndividualProductCount__C(480) (0.0)
461. #47 fg_Country__C(AZ) (0.0)
462. #208 fg_IndividualProductCount__C(170) (0.0)
463. #353 fg_IndividualProductCount__C(350) (0.0)
464. #197 fg_IndividualProductCount__C(159) (0.0)
465. #361 fg_IndividualProductCount__C(360) (0.0)
466. #66 fg_IndividualProductCount__C(6) (0.0)
467. #449 fg_IndividualProductCount__C(468) (0.0)
468. #463 fg_IndividualProductCount__C(487) (0.0)
469. #189 fg_IndividualProductCount__C(148) (0.0)
470. #228 fg_IndividualProductCount__C(195) (0.0)
471. #235 fg_IndividualProductCount__C(206) (0.0)
472. #34 fg_Country__C(IS) (0.0)
473. #33 fg_Country__C(RO) (0.0)
474. #70 fg_IndividualProductCount__C(10) (0.0)
475. #185 fg_IndividualProductCount__C(142) (0.0)
476. #178 fg_IndividualProductCount__C(134) (0.0)
477. #236 fg_IndividualProductCount__C(207) (0.0)
478. #76 fg_IndividualProductCount__C(17) (0.0)
479. #303 fg_IndividualProductCount__C(289) (0.0)
