0. #4 fg_TimeSinceLastOrder__x (0.0966064807918)
1. #0 fg_NOrders__x (0.0354839335162)
2. #5 fg_AvgIntervalBetweenTransactions__x (0.0352692023185)
3. #3 fg_NProducts__x (0.0345680019851)
4. #230 fg_IndividualProductCount__C(200) (0.0307775339347)
5. #1 fg_NTransactions__x (0.0247029210337)
6. #2 fg_AvgOrdersPerTransaction__x (0.0244817076804)
7. #386 fg_IndividualProductCount__C(392) (0.0154264748828)
8. #473 fg_IndividualProductCount__C(500) (0.0124833119451)
9. #325 fg_IndividualProductCount__C(316) (0.0120994956127)
10. #60 fg_Country__C(GB) (0.0119820161616)
11. #334 fg_IndividualProductCount__C(328) (0.0111624981757)
12. #396 fg_IndividualProductCount__C(404) (0.0111277884655)
13. #415 fg_IndividualProductCount__C(432) (0.0109647879259)
14. #103 fg_IndividualProductCount__C(47) (0.0107551671445)
15. #201 fg_IndividualProductCount__C(164) (0.0102400122449)
16. #189 fg_IndividualProductCount__C(150) (0.00980748043864)
17. #229 fg_IndividualProductCount__C(199) (0.00926493121615)
18. #384 fg_IndividualProductCount__C(389) (0.00912121711175)
19. #385 fg_IndividualProductCount__C(391) (0.00876483747061)
20. #126 fg_IndividualProductCount__C(74) (0.00861562456726)
21. #145 fg_IndividualProductCount__C(97) (0.00799209827361)
22. #221 fg_IndividualProductCount__C(186) (0.00786568943114)
23. #178 fg_IndividualProductCount__C(135) (0.00766645670329)
24. #173 fg_IndividualProductCount__C(129) (0.00746880262041)
25. #412 fg_IndividualProductCount__C(428) (0.00704512310364)
26. #353 fg_IndividualProductCount__C(351) (0.00697367988523)
27. #270 fg_IndividualProductCount__C(250) (0.00690037754348)
28. #398 fg_IndividualProductCount__C(406) (0.00634481143485)
29. #437 fg_IndividualProductCount__C(456) (0.00634283178631)
30. #383 fg_IndividualProductCount__C(387) (0.00597403697172)
31. #143 fg_IndividualProductCount__C(95) (0.00596048526154)
32. #132 fg_IndividualProductCount__C(82) (0.00573316045974)
33. #70 fg_IndividualProductCount__C(11) (0.00568918176823)
34. #363 fg_IndividualProductCount__C(364) (0.00567627035614)
35. #166 fg_IndividualProductCount__C(122) (0.00567301983737)
36. #331 fg_IndividualProductCount__C(324) (0.00551663026526)
37. #423 fg_IndividualProductCount__C(441) (0.00546536578189)
38. #10 fg_Country__C(DE) (0.00540486142585)
39. #294 fg_IndividualProductCount__C(279) (0.00534841761106)
40. #333 fg_IndividualProductCount__C(327) (0.00522937968117)
41. #71 fg_IndividualProductCount__C(12) (0.0051838023645)
42. #341 fg_IndividualProductCount__C(335) (0.00517337050201)
43. #159 fg_IndividualProductCount__C(115) (0.00503644715951)
44. #421 fg_IndividualProductCount__C(438) (0.00499976135899)
45. #453 fg_IndividualProductCount__C(474) (0.00457307674951)
46. #95 fg_IndividualProductCount__C(39) (0.00453823237928)
47. #391 fg_IndividualProductCount__C(398) (0.00448029848113)
48. #62 fg_IndividualProductCount__C(3) (0.00425855847257)
49. #329 fg_IndividualProductCount__C(322) (0.00419255196417)
50. #442 fg_IndividualProductCount__C(461) (0.00418684186148)
51. #318 fg_IndividualProductCount__C(307) (0.00416323794025)
52. #264 fg_IndividualProductCount__C(242) (0.00409299095534)
53. #394 fg_IndividualProductCount__C(402) (0.0040529411774)
54. #472 fg_IndividualProductCount__C(499) (0.00391617979363)
55. #93 fg_IndividualProductCount__C(37) (0.00385123702959)
56. #131 fg_IndividualProductCount__C(81) (0.0038453655944)
57. #97 fg_IndividualProductCount__C(41) (0.00378186130749)
58. #344 fg_IndividualProductCount__C(339) (0.00373396187271)
59. #456 fg_IndividualProductCount__C(479) (0.00363946874772)
60. #252 fg_IndividualProductCount__C(226) (0.00363358170366)
61. #268 fg_IndividualProductCount__C(247) (0.00357636113454)
62. #368 fg_IndividualProductCount__C(369) (0.00337227655656)
63. #413 fg_IndividualProductCount__C(429) (0.00330195647534)
64. #209 fg_IndividualProductCount__C(172) (0.00327296253674)
65. #150 fg_IndividualProductCount__C(104) (0.00326333914392)
66. #374 fg_IndividualProductCount__C(375) (0.00323837344283)
67. #211 fg_IndividualProductCount__C(175) (0.00320991661052)
68. #213 fg_IndividualProductCount__C(177) (0.00317357353564)
69. #233 fg_IndividualProductCount__C(205) (0.0031694289163)
70. #113 fg_IndividualProductCount__C(59) (0.00312678329775)
71. #348 fg_IndividualProductCount__C(344) (0.00311876820825)
72. #322 fg_IndividualProductCount__C(312) (0.00297626989986)
73. #125 fg_IndividualProductCount__C(73) (0.0028880431717)
74. #284 fg_IndividualProductCount__C(268) (0.00286552173434)
75. #83 fg_IndividualProductCount__C(26) (0.00281930060093)
76. #176 fg_IndividualProductCount__C(133) (0.00281885275256)
77. #53 fg_Country__C(US) (0.00280652327461)
78. #194 fg_IndividualProductCount__C(157) (0.00278420457282)
79. #7 fg_Country__C(FR) (0.0027253130425)
80. #164 fg_IndividualProductCount__C(120) (0.00267507350019)
81. #139 fg_IndividualProductCount__C(90) (0.00265684936657)
82. #460 fg_IndividualProductCount__C(484) (0.00264266951425)
83. #400 fg_IndividualProductCount__C(408) (0.00260776393012)
84. #82 fg_IndividualProductCount__C(25) (0.00259476330467)
85. #48 fg_Country__C(ES) (0.00258975191159)
86. #140 fg_IndividualProductCount__C(92) (0.00252423621102)
87. #339 fg_IndividualProductCount__C(333) (0.0025062907181)
88. #168 fg_IndividualProductCount__C(124) (0.00245991529119)
89. #254 fg_IndividualProductCount__C(228) (0.00237877346996)
90. #224 fg_IndividualProductCount__C(189) (0.00237787852871)
91. #343 fg_IndividualProductCount__C(338) (0.00237163522907)
92. #422 fg_IndividualProductCount__C(439) (0.00229601623844)
93. #279 fg_IndividualProductCount__C(261) (0.00226969984122)
94. #276 fg_IndividualProductCount__C(257) (0.00224454671831)
95. #273 fg_IndividualProductCount__C(253) (0.00222974715065)
96. #281 fg_IndividualProductCount__C(264) (0.00222288939106)
97. #446 fg_IndividualProductCount__C(465) (0.00220912178111)
98. #296 fg_IndividualProductCount__C(282) (0.00219725010452)
99. #432 fg_IndividualProductCount__C(451) (0.00219448574573)
100. #328 fg_IndividualProductCount__C(321) (0.00216965401075)
101. #440 fg_IndividualProductCount__C(459) (0.00215818560767)
102. #121 fg_IndividualProductCount__C(69) (0.00212842275925)
103. #8 fg_Country__C(DK) (0.00211679871524)
104. #59 fg_Country__C(SE) (0.00207336340625)
105. #104 fg_IndividualProductCount__C(48) (0.0020610622973)
106. #108 fg_IndividualProductCount__C(52) (0.00205811799916)
107. #382 fg_IndividualProductCount__C(386) (0.00204897428865)
108. #359 fg_IndividualProductCount__C(359) (0.00202162238737)
109. #41 fg_Country__C(IT) (0.00201612076992)
110. #427 fg_IndividualProductCount__C(445) (0.00200569846748)
111. #371 fg_IndividualProductCount__C(372) (0.00200198035633)
112. #47 fg_Country__C(IE) (0.00199954792525)
113. #225 fg_IndividualProductCount__C(192) (0.0019873943906)
114. #459 fg_IndividualProductCount__C(482) (0.00197772851951)
115. #439 fg_IndividualProductCount__C(458) (0.00196918833943)
116. #291 fg_IndividualProductCount__C(275) (0.00194533485649)
117. #369 fg_IndividualProductCount__C(370) (0.00192433388403)
118. #216 fg_IndividualProductCount__C(180) (0.00190716127753)
119. #375 fg_IndividualProductCount__C(377) (0.00188510182641)
120. #467 fg_IndividualProductCount__C(492) (0.00188490257658)
121. #260 fg_IndividualProductCount__C(237) (0.00188127469191)
122. #406 fg_IndividualProductCount__C(421) (0.00186995879099)
123. #355 fg_IndividualProductCount__C(354) (0.00185757445583)
124. #338 fg_IndividualProductCount__C(332) (0.00181912106127)
125. #402 fg_IndividualProductCount__C(415) (0.00181035864648)
126. #128 fg_IndividualProductCount__C(76) (0.00179721031556)
127. #114 fg_IndividualProductCount__C(60) (0.00177077435521)
128. #332 fg_IndividualProductCount__C(325) (0.00173215636774)
129. #308 fg_IndividualProductCount__C(297) (0.00172254329128)
130. #120 fg_IndividualProductCount__C(67) (0.00171330408044)
131. #261 fg_IndividualProductCount__C(239) (0.00171190678781)
132. #86 fg_IndividualProductCount__C(29) (0.00170813972688)
133. #117 fg_IndividualProductCount__C(63) (0.00167999383929)
134. #434 fg_IndividualProductCount__C(453) (0.00165038824515)
135. #393 fg_IndividualProductCount__C(401) (0.00163422669108)
136. #246 fg_IndividualProductCount__C(220) (0.00163034676697)
137. #447 fg_IndividualProductCount__C(467) (0.00161125251007)
138. #411 fg_IndividualProductCount__C(426) (0.00160401206759)
139. #193 fg_IndividualProductCount__C(156) (0.00158347045079)
140. #404 fg_IndividualProductCount__C(418) (0.00158043888977)
141. #214 fg_IndividualProductCount__C(178) (0.00156656077491)
142. #115 fg_IndividualProductCount__C(61) (0.00156335355185)
143. #401 fg_IndividualProductCount__C(413) (0.00155880444959)
144. #161 fg_IndividualProductCount__C(117) (0.00150709134274)
145. #379 fg_IndividualProductCount__C(381) (0.00150186977751)
146. #152 fg_IndividualProductCount__C(106) (0.00147971303632)
147. #122 fg_IndividualProductCount__C(70) (0.00147147543733)
148. #378 fg_IndividualProductCount__C(380) (0.00147125338061)
149. #63 fg_IndividualProductCount__C(4) (0.00145890258037)
150. #23 fg_Country__C(NO) (0.00144714476061)
151. #182 fg_IndividualProductCount__C(140) (0.00142232119944)
152. #245 fg_IndividualProductCount__C(219) (0.00140573503336)
153. #84 fg_IndividualProductCount__C(27) (0.00140408984148)
154. #105 fg_IndividualProductCount__C(49) (0.00139694015037)
155. #129 fg_IndividualProductCount__C(77) (0.00137656322155)
156. #311 fg_IndividualProductCount__C(300) (0.00137227013974)
157. #349 fg_IndividualProductCount__C(345) (0.00136949037799)
158. #242 fg_IndividualProductCount__C(216) (0.00136608065253)
159. #468 fg_IndividualProductCount__C(494) (0.00135780066674)
160. #269 fg_IndividualProductCount__C(249) (0.0013483703104)
161. #218 fg_IndividualProductCount__C(182) (0.00134122720388)
162. #319 fg_IndividualProductCount__C(308) (0.00132691159644)
163. #388 fg_IndividualProductCount__C(395) (0.00132684407465)
164. #154 fg_IndividualProductCount__C(108) (0.00131231286829)
165. #238 fg_IndividualProductCount__C(212) (0.00128713711221)
166. #116 fg_IndividualProductCount__C(62) (0.00128451601469)
167. #167 fg_IndividualProductCount__C(123) (0.00127256663619)
168. #146 fg_IndividualProductCount__C(98) (0.00126341181382)
169. #418 fg_IndividualProductCount__C(435) (0.0012600007653)
170. #354 fg_IndividualProductCount__C(353) (0.00125900346341)
171. #123 fg_IndividualProductCount__C(71) (0.00125880327424)
172. #232 fg_IndividualProductCount__C(202) (0.00124628324224)
173. #153 fg_IndividualProductCount__C(107) (0.00124597307476)
174. #337 fg_IndividualProductCount__C(331) (0.00120941941786)
175. #390 fg_IndividualProductCount__C(397) (0.00120609548514)
176. #403 fg_IndividualProductCount__C(417) (0.00120105782874)
177. #320 fg_IndividualProductCount__C(309) (0.00119379928918)
178. #210 fg_IndividualProductCount__C(174) (0.00118621302599)
179. #107 fg_IndividualProductCount__C(51) (0.00117406970584)
180. #208 fg_IndividualProductCount__C(171) (0.00116031043741)
181. #417 fg_IndividualProductCount__C(434) (0.00115947747602)
182. #37 fg_Country__C(CN) (0.00114772425725)
183. #295 fg_IndividualProductCount__C(281) (0.00113789628117)
184. #243 fg_IndividualProductCount__C(217) (0.00112896267003)
185. #237 fg_IndividualProductCount__C(211) (0.00112537502588)
186. #474 fg_IndividualProductCount__C(501) (0.00112342872376)
187. #44 fg_Country__C(AU) (0.00111617470055)
188. #247 fg_IndividualProductCount__C(221) (0.0010829658796)
189. #220 fg_IndividualProductCount__C(185) (0.00108059617594)
190. #293 fg_IndividualProductCount__C(278) (0.00106385257042)
191. #171 fg_IndividualProductCount__C(127) (0.00105945659813)
192. #181 fg_IndividualProductCount__C(139) (0.00102825661146)
193. #67 fg_IndividualProductCount__C(8) (0.00102396478048)
194. #17 fg_Country__C(FI) (0.00101235811228)
195. #330 fg_IndividualProductCount__C(323) (0.00100333475947)
196. #79 fg_IndividualProductCount__C(22) (0.00099819292066)
197. #292 fg_IndividualProductCount__C(276) (0.000997008488236)
198. #28 fg_Country__C(LT) (0.000989177758937)
199. #317 fg_IndividualProductCount__C(306) (0.000974459792599)
200. #155 fg_IndividualProductCount__C(110) (0.000972558054893)
201. #165 fg_IndividualProductCount__C(121) (0.000966863552631)
202. #222 fg_IndividualProductCount__C(187) (0.000965369727665)
203. #205 fg_IndividualProductCount__C(168) (0.000953207579513)
204. #241 fg_IndividualProductCount__C(215) (0.000948642363479)
205. #203 fg_IndividualProductCount__C(166) (0.000941532776532)
206. #185 fg_IndividualProductCount__C(143) (0.000931933570073)
207. #324 fg_IndividualProductCount__C(315) (0.000929051818992)
208. #76 fg_IndividualProductCount__C(18) (0.000922651194413)
209. #169 fg_IndividualProductCount__C(125) (0.000919964622475)
210. #426 fg_IndividualProductCount__C(444) (0.00090739532074)
211. #444 fg_IndividualProductCount__C(463) (0.000899357322651)
212. #179 fg_IndividualProductCount__C(136) (0.000883516126413)
213. #127 fg_IndividualProductCount__C(75) (0.000880684515073)
214. #306 fg_IndividualProductCount__C(295) (0.000844571425299)
215. #147 fg_IndividualProductCount__C(99) (0.000843349653299)
216. #436 fg_IndividualProductCount__C(455) (0.000842688320401)
217. #288 fg_IndividualProductCount__C(272) (0.000841324834505)
218. #263 fg_IndividualProductCount__C(241) (0.000830736937409)
219. #40 fg_Country__C(CA) (0.000827847861527)
220. #226 fg_IndividualProductCount__C(194) (0.000820150469619)
221. #380 fg_IndividualProductCount__C(383) (0.000812555950779)
222. #272 fg_IndividualProductCount__C(252) (0.00080600949591)
223. #250 fg_IndividualProductCount__C(224) (0.000795002698274)
224. #90 fg_IndividualProductCount__C(34) (0.00079259067549)
225. #187 fg_IndividualProductCount__C(147) (0.000786831014617)
226. #170 fg_IndividualProductCount__C(126) (0.00078162199778)
227. #157 fg_IndividualProductCount__C(112) (0.000777806470815)
228. #99 fg_IndividualProductCount__C(43) (0.000777408926231)
229. #347 fg_IndividualProductCount__C(343) (0.000756299672368)
230. #240 fg_IndividualProductCount__C(214) (0.000752917097277)
231. #244 fg_IndividualProductCount__C(218) (0.000746755915203)
232. #449 fg_IndividualProductCount__C(469) (0.000746289698189)
233. #74 fg_IndividualProductCount__C(16) (0.000746213581069)
234. #395 fg_IndividualProductCount__C(403) (0.000742318176605)
235. #192 fg_IndividualProductCount__C(155) (0.000740537869009)
236. #56 fg_Country__C(SI) (0.000736270073022)
237. #454 fg_IndividualProductCount__C(476) (0.000729359611624)
238. #199 fg_IndividualProductCount__C(162) (0.00072633563735)
239. #314 fg_IndividualProductCount__C(303) (0.000722104914202)
240. #21 fg_Country__C(NL) (0.000721241820826)
241. #350 fg_IndividualProductCount__C(346) (0.000708692045001)
242. #361 fg_IndividualProductCount__C(361) (0.000706157274416)
243. #13 fg_Country__C(AT) (0.000703768251834)
244. #68 fg_IndividualProductCount__C(9) (0.000698939268254)
245. #20 fg_Country__C(RU) (0.000696474067029)
246. #313 fg_IndividualProductCount__C(302) (0.000695066781449)
247. #370 fg_IndividualProductCount__C(371) (0.000694898610639)
248. #282 fg_IndividualProductCount__C(265) (0.000689232135615)
249. #477 fg_IndividualProductCount__C(504) (0.000687144433646)
250. #88 fg_IndividualProductCount__C(31) (0.000682752166084)
251. #180 fg_IndividualProductCount__C(137) (0.000679183721594)
252. #110 fg_IndividualProductCount__C(54) (0.00067357320052)
253. #364 fg_IndividualProductCount__C(365) (0.000671357486569)
254. #262 fg_IndividualProductCount__C(240) (0.000668973403293)
255. #228 fg_IndividualProductCount__C(198) (0.000664295802183)
256. #357 fg_IndividualProductCount__C(356) (0.000659820990881)
257. #101 fg_IndividualProductCount__C(45) (0.000659494557407)
258. #96 fg_IndividualProductCount__C(40) (0.000652067926155)
259. #290 fg_IndividualProductCount__C(274) (0.000651213750888)
260. #362 fg_IndividualProductCount__C(362) (0.000649922156233)
261. #475 fg_IndividualProductCount__C(502) (0.000649359170207)
262. #204 fg_IndividualProductCount__C(167) (0.000647015387713)
263. #72 fg_IndividualProductCount__C(13) (0.000643357571601)
264. #249 fg_IndividualProductCount__C(223) (0.000640899636403)
265. #345 fg_IndividualProductCount__C(340) (0.000635610262706)
266. #441 fg_IndividualProductCount__C(460) (0.000633942692636)
267. #464 fg_IndividualProductCount__C(489) (0.000627433735136)
268. #373 fg_IndividualProductCount__C(374) (0.000613018290887)
269. #321 fg_IndividualProductCount__C(311) (0.000609876472912)
270. #399 fg_IndividualProductCount__C(407) (0.000599840912667)
271. #34 fg_Country__C(PL) (0.000595464675154)
272. #461 fg_IndividualProductCount__C(485) (0.000591464992862)
273. #351 fg_IndividualProductCount__C(349) (0.000588951931659)
274. #102 fg_IndividualProductCount__C(46) (0.000581749600725)
275. #124 fg_IndividualProductCount__C(72) (0.000578191991057)
276. #266 fg_IndividualProductCount__C(245) (0.000574739647738)
277. #156 fg_IndividualProductCount__C(111) (0.000561071430842)
278. #476 fg_IndividualProductCount__C(503) (0.000553517226623)
279. #305 fg_IndividualProductCount__C(294) (0.000547074148345)
280. #280 fg_IndividualProductCount__C(263) (0.000542947552597)
281. #420 fg_IndividualProductCount__C(437) (0.000542928993213)
282. #430 fg_IndividualProductCount__C(448) (0.000530044256457)
283. #106 fg_IndividualProductCount__C(50) (0.000519587861884)
284. #335 fg_IndividualProductCount__C(329) (0.000516657626112)
285. #327 fg_IndividualProductCount__C(320) (0.000514845873321)
286. #277 fg_IndividualProductCount__C(258) (0.000513315248452)
287. #303 fg_IndividualProductCount__C(291) (0.000510678485875)
288. #367 fg_IndividualProductCount__C(368) (0.000508540429326)
289. #387 fg_IndividualProductCount__C(394) (0.000504900213928)
290. #309 fg_IndividualProductCount__C(298) (0.000500645728038)
291. #265 fg_IndividualProductCount__C(243) (0.000498152636914)
292. #231 fg_IndividualProductCount__C(201) (0.000483803638324)
293. #365 fg_IndividualProductCount__C(366) (0.000481529110366)
294. #304 fg_IndividualProductCount__C(293) (0.000480346225394)
295. #443 fg_IndividualProductCount__C(462) (0.000479016206737)
296. #275 fg_IndividualProductCount__C(256) (0.000477040110893)
297. #286 fg_IndividualProductCount__C(270) (0.000473521915393)
298. #45 fg_Country__C(IL) (0.000464702560605)
299. #283 fg_IndividualProductCount__C(267) (0.000459265282367)
300. #458 fg_IndividualProductCount__C(481) (0.000458310622476)
301. #100 fg_IndividualProductCount__C(44) (0.000455150072202)
302. #287 fg_IndividualProductCount__C(271) (0.000454955605621)
303. #465 fg_IndividualProductCount__C(490) (0.000445501898417)
304. #85 fg_IndividualProductCount__C(28) (0.000442028815402)
305. #217 fg_IndividualProductCount__C(181) (0.000437495153109)
306. #77 fg_IndividualProductCount__C(20) (0.000434067002314)
307. #186 fg_IndividualProductCount__C(144) (0.000432956074394)
308. #219 fg_IndividualProductCount__C(184) (0.000427976605923)
309. #43 fg_Country__C(CY) (0.000420682458826)
310. #137 fg_IndividualProductCount__C(87) (0.000420124037551)
311. #141 fg_IndividualProductCount__C(93) (0.000414207126144)
312. #466 fg_IndividualProductCount__C(491) (0.000413846344128)
313. #251 fg_IndividualProductCount__C(225) (0.000413822709008)
314. #136 fg_IndividualProductCount__C(86) (0.000406976766904)
315. #119 fg_IndividualProductCount__C(65) (0.000397950160011)
316. #80 fg_IndividualProductCount__C(23) (0.000397832996962)
317. #118 fg_IndividualProductCount__C(64) (0.000397736465631)
318. #312 fg_IndividualProductCount__C(301) (0.000389978302725)
319. #35 fg_Country__C(CH) (0.00038657239111)
320. #109 fg_IndividualProductCount__C(53) (0.000372492439039)
321. #197 fg_IndividualProductCount__C(160) (0.000372103501171)
322. #215 fg_IndividualProductCount__C(179) (0.000366620948575)
323. #451 fg_IndividualProductCount__C(471) (0.000363815902831)
324. #358 fg_IndividualProductCount__C(357) (0.00036361441604)
325. #342 fg_IndividualProductCount__C(336) (0.000363178455231)
326. #256 fg_IndividualProductCount__C(233) (0.000360619042801)
327. #54 fg_Country__C(SK) (0.000356721885146)
328. #408 fg_IndividualProductCount__C(423) (0.000347293075656)
329. #78 fg_IndividualProductCount__C(21) (0.000346100284139)
330. #278 fg_IndividualProductCount__C(260) (0.000344585162973)
331. #22 fg_Country__C(PT) (0.000337930000297)
332. #55 fg_Country__C(MT) (0.000336203474301)
333. #381 fg_IndividualProductCount__C(385) (0.000333735534378)
334. #315 fg_IndividualProductCount__C(304) (0.00032959648268)
335. #416 fg_IndividualProductCount__C(433) (0.000327246156393)
336. #299 fg_IndividualProductCount__C(285) (0.000322773133231)
337. #425 fg_IndividualProductCount__C(443) (0.000322075887094)
338. #346 fg_IndividualProductCount__C(342) (0.000320792078248)
339. #478 fg_IndividualProductCount__C(505) (0.000319997149929)
340. #9 fg_Country__C(HR) (0.000319349006005)
341. #163 fg_IndividualProductCount__C(119) (0.000315016961297)
342. #190 fg_IndividualProductCount__C(152) (0.000309170481228)
343. #248 fg_IndividualProductCount__C(222) (0.000307093046676)
344. #431 fg_IndividualProductCount__C(449) (0.00030633400951)
345. #239 fg_IndividualProductCount__C(213) (0.000304614513505)
346. #285 fg_IndividualProductCount__C(269) (0.000303430221325)
347. #87 fg_IndividualProductCount__C(30) (0.000301057985325)
348. #450 fg_IndividualProductCount__C(470) (0.000297131005481)
349. #274 fg_IndividualProductCount__C(254) (0.000285946428317)
350. #236 fg_IndividualProductCount__C(208) (0.000273302029315)
351. #6 fg_Country__C(BE) (0.000271250738402)
352. #316 fg_IndividualProductCount__C(305) (0.000263048297846)
353. #445 fg_IndividualProductCount__C(464) (0.000260320179387)
354. #112 fg_IndividualProductCount__C(58) (0.000256304329813)
355. #300 fg_IndividualProductCount__C(286) (0.000255698571126)
356. #372 fg_IndividualProductCount__C(373) (0.000252003827137)
357. #206 fg_IndividualProductCount__C(169) (0.000251274860444)
358. #298 fg_IndividualProductCount__C(284) (0.000234315859986)
359. #50 fg_Country__C(UA) (0.000230013836273)
360. #424 fg_IndividualProductCount__C(442) (0.000228680940679)
361. #69 fg_IndividualProductCount__C(10) (0.000227645519049)
362. #144 fg_IndividualProductCount__C(96) (0.000219988343874)
363. #172 fg_IndividualProductCount__C(128) (0.000211920029912)
364. #64 fg_IndividualProductCount__C(5) (0.00021170119141)
365. #366 fg_IndividualProductCount__C(367) (0.000210006699751)
366. #26 fg_Country__C(NZ) (0.000207802140856)
367. #253 fg_IndividualProductCount__C(227) (0.000207088805132)
368. #29 fg_Country__C(LU) (0.000193613161785)
369. #89 fg_IndividualProductCount__C(32) (0.000188228473552)
370. #191 fg_IndividualProductCount__C(153) (0.000187842123278)
371. #202 fg_IndividualProductCount__C(165) (0.000183968152733)
372. #149 fg_IndividualProductCount__C(103) (0.000183289147997)
373. #111 fg_IndividualProductCount__C(55) (0.000176031957622)
374. #27 fg_Country__C(LV) (0.000175328544813)
375. #414 fg_IndividualProductCount__C(430) (0.000168110214632)
376. #31 fg_Country__C(PH) (0.000155525110972)
377. #81 fg_IndividualProductCount__C(24) (0.000152309048152)
378. #134 fg_IndividualProductCount__C(84) (0.000147007352277)
379. #38 fg_Country__C(EE) (0.000145963998803)
380. #51 fg_Country__C(RS) (0.000136598241178)
381. #223 fg_IndividualProductCount__C(188) (0.000135863755627)
382. #470 fg_IndividualProductCount__C(497) (0.00013520418323)
383. #195 fg_IndividualProductCount__C(158) (0.00012563728362)
384. #36 fg_Country__C(CO) (0.000117276460005)
385. #259 fg_IndividualProductCount__C(236) (0.000117187164875)
386. #58 fg_Country__C(SG) (0.000109377922268)
387. #175 fg_IndividualProductCount__C(131) (0.000107838551094)
388. #356 fg_IndividualProductCount__C(355) (0.000101760624792)
389. #419 fg_IndividualProductCount__C(436) (0.000100657885342)
390. #19 fg_Country__C(GR) (9.59446861764e-05)
391. #435 fg_IndividualProductCount__C(454) (9.54979392711e-05)
392. #463 fg_IndividualProductCount__C(488) (9.41536428879e-05)
393. #92 fg_IndividualProductCount__C(36) (9.16871549916e-05)
394. #98 fg_IndividualProductCount__C(42) (8.74080135938e-05)
395. #389 fg_IndividualProductCount__C(396) (8.66236806626e-05)
396. #130 fg_IndividualProductCount__C(79) (8.13325353524e-05)
397. #433 fg_IndividualProductCount__C(452) (7.64586918981e-05)
398. #297 fg_IndividualProductCount__C(283) (7.20575923e-05)
399. #410 fg_IndividualProductCount__C(425) (7.17480436277e-05)
400. #16 fg_Country__C(JE) (7.14290109479e-05)
401. #42 fg_Country__C(CZ) (6.92511037425e-05)
402. #336 fg_IndividualProductCount__C(330) (6.87311521585e-05)
403. #323 fg_IndividualProductCount__C(313) (6.35968901729e-05)
404. #198 fg_IndividualProductCount__C(161) (5.59644124716e-05)
405. #30 fg_Country__C(TH) (5.39336560489e-05)
406. #18 fg_Country__C(KR) (5.36488774863e-05)
407. #66 fg_IndividualProductCount__C(7) (5.22947333622e-05)
408. #73 fg_IndividualProductCount__C(15) (4.88291210719e-05)
409. #438 fg_IndividualProductCount__C(457) (4.68912479518e-05)
410. #61 fg_IndividualProductCount__C(1) (4.64817160298e-05)
411. #310 fg_IndividualProductCount__C(299) (4.52811737978e-05)
412. #24 fg_Country__C(TW) (4.51559626829e-05)
413. #376 fg_IndividualProductCount__C(378) (4.16490604328e-05)
414. #471 fg_IndividualProductCount__C(498) (4.07246398197e-05)
415. #200 fg_IndividualProductCount__C(163) (3.79625177033e-05)
416. #258 fg_IndividualProductCount__C(235) (3.29456618983e-05)
417. #212 fg_IndividualProductCount__C(176) (3.21091123314e-05)
418. #455 fg_IndividualProductCount__C(478) (3.13385924562e-05)
419. #428 fg_IndividualProductCount__C(446) (2.96278232972e-05)
420. #301 fg_IndividualProductCount__C(287) (2.90037907976e-05)
421. #340 fg_IndividualProductCount__C(334) (2.87051421248e-05)
422. #15 fg_Country__C(BR) (2.72640377951e-05)
423. #183 fg_IndividualProductCount__C(141) (2.43920906028e-05)
424. #133 fg_IndividualProductCount__C(83) (2.31623140212e-05)
425. #257 fg_IndividualProductCount__C(234) (2.31541031082e-05)
426. #407 fg_IndividualProductCount__C(422) (1.61862051188e-05)
427. #174 fg_IndividualProductCount__C(130) (1.54912944529e-05)
428. #39 fg_Country__C(VI) (1.34983106646e-05)
429. #392 fg_IndividualProductCount__C(399) (9.92141027742e-06)
430. #469 fg_IndividualProductCount__C(495) (9.62594574262e-06)
431. #326 fg_IndividualProductCount__C(319) (8.49757731092e-06)
432. #462 fg_IndividualProductCount__C(487) (0.0)
433. #207 fg_IndividualProductCount__C(170) (0.0)
434. #148 fg_IndividualProductCount__C(101) (0.0)
435. #184 fg_IndividualProductCount__C(142) (0.0)
436. #196 fg_IndividualProductCount__C(159) (0.0)
437. #457 fg_IndividualProductCount__C(480) (0.0)
438. #448 fg_IndividualProductCount__C(468) (0.0)
439. #135 fg_IndividualProductCount__C(85) (0.0)
440. #25 fg_Country__C(TR) (0.0)
441. #452 fg_IndividualProductCount__C(473) (0.0)
442. #11 fg_Country__C(JP) (0.0)
443. #12 fg_Country__C(HU) (0.0)
444. #14 fg_Country__C(HK) (0.0)
445. #188 fg_IndividualProductCount__C(148) (0.0)
446. #91 fg_IndividualProductCount__C(35) (0.0)
447. #32 fg_Country__C(RO) (0.0)
448. #33 fg_Country__C(IS) (0.0)
449. #271 fg_IndividualProductCount__C(251) (0.0)
450. #94 fg_IndividualProductCount__C(38) (0.0)
451. #289 fg_IndividualProductCount__C(273) (0.0)
452. #162 fg_IndividualProductCount__C(118) (0.0)
453. #160 fg_IndividualProductCount__C(116) (0.0)
454. #302 fg_IndividualProductCount__C(289) (0.0)
455. #307 fg_IndividualProductCount__C(296) (0.0)
456. #75 fg_IndividualProductCount__C(17) (0.0)
457. #158 fg_IndividualProductCount__C(113) (0.0)
458. #142 fg_IndividualProductCount__C(94) (0.0)
459. #352 fg_IndividualProductCount__C(350) (0.0)
460. #65 fg_IndividualProductCount__C(6) (0.0)
461. #360 fg_IndividualProductCount__C(360) (0.0)
462. #255 fg_IndividualProductCount__C(230) (0.0)
463. #151 fg_IndividualProductCount__C(105) (0.0)
464. #57 fg_Country__C(IM) (0.0)
465. #377 fg_IndividualProductCount__C(379) (0.0)
466. #52 fg_Country__C(MY) (0.0)
467. #177 fg_IndividualProductCount__C(134) (0.0)
468. #49 fg_Country__C(MD) (0.0)
469. #397 fg_IndividualProductCount__C(405) (0.0)
470. #405 fg_IndividualProductCount__C(420) (0.0)
471. #46 fg_Country__C(AZ) (0.0)
472. #267 fg_IndividualProductCount__C(246) (0.0)
473. #409 fg_IndividualProductCount__C(424) (0.0)
474. #235 fg_IndividualProductCount__C(207) (0.0)
475. #234 fg_IndividualProductCount__C(206) (0.0)
476. #227 fg_IndividualProductCount__C(195) (0.0)
477. #429 fg_IndividualProductCount__C(447) (0.0)
478. #138 fg_IndividualProductCount__C(88) (0.0)
